Compilación iniciada a las 16/11/2013 07:43:30 p.m..
     1>Proyecto "C:\Users\Karen Troiano\Desktop\Proyecto1\Proyecto1\Proyecto1.vcxproj" en el nodo 2 (build destinos).
     1>InitializeBuildStatus:
         Se creará "Debug\Proyecto1.unsuccessfulbuild" porque se especificó "AlwaysCreate".
       ClCompile:
         C:\Program Files (x86)\Microsoft Visual Studio 10.0\VC\bin\CL.exe /c /I"C:\dev\opengl\glew-1.7.0\include" /IC:\dev\opengl\freeglut\include /ZI /nologo /W3 /WX- /Od /Oy- /D WIN32 /D _DEBUG /D _CONSOLE /D _UNICODE /D UNICODE /Gm /EHsc /RTC1 /MDd /GS /fp:precise /Zc:wchar_t /Zc:forScope /Fo"Debug\\" /Fd"Debug\vc100.pdb" /Gd /TP /analyze- /errorReport:prompt figura.cpp main.cpp
         main.cpp
     1>c:\users\karen troiano\desktop\proyecto1\proyecto1\main.cpp(28): warning C4305: 'argumento' : truncamiento de 'double' a 'GLfloat'
     1>c:\users\karen troiano\desktop\proyecto1\proyecto1\main.cpp(28): warning C4305: 'argumento' : truncamiento de 'double' a 'GLfloat'
     1>c:\users\karen troiano\desktop\proyecto1\proyecto1\main.cpp(28): warning C4305: 'argumento' : truncamiento de 'double' a 'GLfloat'
     1>c:\users\karen troiano\desktop\proyecto1\proyecto1\main.cpp(33): warning C4305: 'argumento' : truncamiento de 'double' a 'GLfloat'
     1>c:\users\karen troiano\desktop\proyecto1\proyecto1\main.cpp(33): warning C4244: 'argumento' : conversión de 'int' a 'GLfloat'; posible pérdida de datos
     1>c:\users\karen troiano\desktop\proyecto1\proyecto1\main.cpp(34): warning C4305: 'argumento' : truncamiento de 'double' a 'GLfloat'
     1>c:\users\karen troiano\desktop\proyecto1\proyecto1\main.cpp(34): warning C4244: 'argumento' : conversión de 'int' a 'GLfloat'; posible pérdida de datos
     1>c:\users\karen troiano\desktop\proyecto1\proyecto1\main.cpp(36): warning C4244: 'argumento' : conversión de 'int' a 'GLfloat'; posible pérdida de datos
     1>c:\users\karen troiano\desktop\proyecto1\proyecto1\main.cpp(36): warning C4305: 'argumento' : truncamiento de 'double' a 'GLfloat'
     1>c:\users\karen troiano\desktop\proyecto1\proyecto1\main.cpp(37): warning C4244: 'argumento' : conversión de 'int' a 'GLfloat'; posible pérdida de datos
     1>c:\users\karen troiano\desktop\proyecto1\proyecto1\main.cpp(37): warning C4305: 'argumento' : truncamiento de 'double' a 'GLfloat'
     1>c:\users\karen troiano\desktop\proyecto1\proyecto1\main.cpp(39): warning C4305: 'argumento' : truncamiento de 'double' a 'GLfloat'
     1>c:\users\karen troiano\desktop\proyecto1\proyecto1\main.cpp(39): warning C4244: 'argumento' : conversión de 'int' a 'GLfloat'; posible pérdida de datos
     1>c:\users\karen troiano\desktop\proyecto1\proyecto1\main.cpp(40): warning C4305: 'argumento' : truncamiento de 'double' a 'GLfloat'
     1>c:\users\karen troiano\desktop\proyecto1\proyecto1\main.cpp(40): warning C4244: 'argumento' : conversión de 'int' a 'GLfloat'; posible pérdida de datos
     1>c:\users\karen troiano\desktop\proyecto1\proyecto1\main.cpp(42): warning C4244: 'argumento' : conversión de 'int' a 'GLfloat'; posible pérdida de datos
     1>c:\users\karen troiano\desktop\proyecto1\proyecto1\main.cpp(42): warning C4305: 'argumento' : truncamiento de 'double' a 'GLfloat'
     1>c:\users\karen troiano\desktop\proyecto1\proyecto1\main.cpp(43): warning C4244: 'argumento' : conversión de 'int' a 'GLfloat'; posible pérdida de datos
     1>c:\users\karen troiano\desktop\proyecto1\proyecto1\main.cpp(43): warning C4305: 'argumento' : truncamiento de 'double' a 'GLfloat'
     1>c:\users\karen troiano\desktop\proyecto1\proyecto1\main.cpp(84): warning C4305: 'argumento' : truncamiento de 'double' a 'GLclampf'
     1>c:\users\karen troiano\desktop\proyecto1\proyecto1\main.cpp(84): warning C4305: 'argumento' : truncamiento de 'double' a 'GLclampf'
     1>c:\users\karen troiano\desktop\proyecto1\proyecto1\main.cpp(84): warning C4305: 'argumento' : truncamiento de 'double' a 'GLclampf'
     1>c:\users\karen troiano\desktop\proyecto1\proyecto1\main.cpp(87): warning C4101: 'zLocal' : variable local sin referencia
     1>c:\users\karen troiano\desktop\proyecto1\proyecto1\main.cpp(87): warning C4101: 'xExtent' : variable local sin referencia
     1>c:\users\karen troiano\desktop\proyecto1\proyecto1\main.cpp(88): warning C4101: 'loopX' : variable local sin referencia
     1>c:\users\karen troiano\desktop\proyecto1\proyecto1\main.cpp(87): warning C4101: 'xLocal' : variable local sin referencia
     1>c:\users\karen troiano\desktop\proyecto1\proyecto1\main.cpp(88): warning C4101: 'loopZ' : variable local sin referencia
     1>c:\users\karen troiano\desktop\proyecto1\proyecto1\main.cpp(87): warning C4101: 'zExtent' : variable local sin referencia
     1>c:\users\karen troiano\desktop\proyecto1\proyecto1\main.cpp(158): warning C4244: 'argumento' : conversión de 'double' a 'float'; posible pérdida de datos
     1>c:\users\karen troiano\desktop\proyecto1\proyecto1\main.cpp(160): warning C4244: 'argumento' : conversión de 'double' a 'float'; posible pérdida de datos
     1>c:\users\karen troiano\desktop\proyecto1\proyecto1\main.cpp(162): warning C4244: 'argumento' : conversión de 'double' a 'float'; posible pérdida de datos
     1>c:\users\karen troiano\desktop\proyecto1\proyecto1\main.cpp(164): warning C4244: 'argumento' : conversión de 'double' a 'float'; posible pérdida de datos
     1>c:\users\karen troiano\desktop\proyecto1\proyecto1\main.cpp(166): warning C4244: 'argumento' : conversión de 'double' a 'float'; posible pérdida de datos
     1>c:\users\karen troiano\desktop\proyecto1\proyecto1\main.cpp(174): warning C4244: 'argumento' : conversión de 'double' a 'float'; posible pérdida de datos
     1>c:\users\karen troiano\desktop\proyecto1\proyecto1\main.cpp(176): warning C4244: 'argumento' : conversión de 'double' a 'float'; posible pérdida de datos
     1>c:\users\karen troiano\desktop\proyecto1\proyecto1\main.cpp(178): warning C4244: 'argumento' : conversión de 'double' a 'float'; posible pérdida de datos
     1>c:\users\karen troiano\desktop\proyecto1\proyecto1\main.cpp(180): warning C4244: 'argumento' : conversión de 'double' a 'float'; posible pérdida de datos
     1>c:\users\karen troiano\desktop\proyecto1\proyecto1\main.cpp(182): warning C4244: 'argumento' : conversión de 'double' a 'float'; posible pérdida de datos
     1>c:\users\karen troiano\desktop\proyecto1\proyecto1\main.cpp(190): warning C4244: 'argumento' : conversión de 'double' a 'float'; posible pérdida de datos
     1>c:\users\karen troiano\desktop\proyecto1\proyecto1\main.cpp(192): warning C4244: 'argumento' : conversión de 'double' a 'float'; posible pérdida de datos
     1>c:\users\karen troiano\desktop\proyecto1\proyecto1\main.cpp(194): warning C4244: 'argumento' : conversión de 'double' a 'float'; posible pérdida de datos
     1>c:\users\karen troiano\desktop\proyecto1\proyecto1\main.cpp(196): warning C4244: 'argumento' : conversión de 'double' a 'float'; posible pérdida de datos
     1>c:\users\karen troiano\desktop\proyecto1\proyecto1\main.cpp(204): warning C4244: 'argumento' : conversión de 'double' a 'float'; posible pérdida de datos
     1>c:\users\karen troiano\desktop\proyecto1\proyecto1\main.cpp(206): warning C4244: 'argumento' : conversión de 'double' a 'float'; posible pérdida de datos
     1>c:\users\karen troiano\desktop\proyecto1\proyecto1\main.cpp(208): warning C4244: 'argumento' : conversión de 'double' a 'float'; posible pérdida de datos
     1>c:\users\karen troiano\desktop\proyecto1\proyecto1\main.cpp(210): warning C4244: 'argumento' : conversión de 'double' a 'float'; posible pérdida de datos
     1>c:\users\karen troiano\desktop\proyecto1\proyecto1\main.cpp(218): warning C4244: 'argumento' : conversión de 'double' a 'float'; posible pérdida de datos
     1>c:\users\karen troiano\desktop\proyecto1\proyecto1\main.cpp(220): warning C4244: 'argumento' : conversión de 'double' a 'float'; posible pérdida de datos
     1>c:\users\karen troiano\desktop\proyecto1\proyecto1\main.cpp(222): warning C4244: 'argumento' : conversión de 'double' a 'float'; posible pérdida de datos
     1>c:\users\karen troiano\desktop\proyecto1\proyecto1\main.cpp(224): warning C4244: 'argumento' : conversión de 'double' a 'float'; posible pérdida de datos
     1>c:\users\karen troiano\desktop\proyecto1\proyecto1\main.cpp(232): warning C4244: 'argumento' : conversión de 'double' a 'float'; posible pérdida de datos
     1>c:\users\karen troiano\desktop\proyecto1\proyecto1\main.cpp(234): warning C4244: 'argumento' : conversión de 'double' a 'float'; posible pérdida de datos
     1>c:\users\karen troiano\desktop\proyecto1\proyecto1\main.cpp(236): warning C4244: 'argumento' : conversión de 'double' a 'float'; posible pérdida de datos
     1>c:\users\karen troiano\desktop\proyecto1\proyecto1\main.cpp(238): warning C4244: 'argumento' : conversión de 'double' a 'float'; posible pérdida de datos
         figura.cpp
     1>c:\users\karen troiano\desktop\proyecto1\proyecto1\figura.cpp(36): warning C4244: 'return' : conversión de 'float' a 'int'; posible pérdida de datos
     1>c:\users\karen troiano\desktop\proyecto1\proyecto1\figura.cpp(44): warning C4244: 'return' : conversión de 'float' a 'int'; posible pérdida de datos
     1>c:\users\karen troiano\desktop\proyecto1\proyecto1\figura.cpp(52): warning C4244: 'return' : conversión de 'float' a 'int'; posible pérdida de datos
     1>c:\users\karen troiano\desktop\proyecto1\proyecto1\figura.cpp(60): warning C4244: 'return' : conversión de 'float' a 'int'; posible pérdida de datos
     1>c:\users\karen troiano\desktop\proyecto1\proyecto1\figura.cpp(68): warning C4244: 'return' : conversión de 'float' a 'int'; posible pérdida de datos
     1>c:\users\karen troiano\desktop\proyecto1\proyecto1\figura.cpp(76): warning C4244: 'return' : conversión de 'float' a 'int'; posible pérdida de datos
     1>c:\users\karen troiano\desktop\proyecto1\proyecto1\figura.cpp(84): warning C4244: 'return' : conversión de 'float' a 'int'; posible pérdida de datos
     1>c:\users\karen troiano\desktop\proyecto1\proyecto1\figura.cpp(92): warning C4244: 'return' : conversión de 'float' a 'int'; posible pérdida de datos
     1>c:\users\karen troiano\desktop\proyecto1\proyecto1\figura.cpp(100): warning C4244: 'return' : conversión de 'float' a 'int'; posible pérdida de datos
     1>c:\users\karen troiano\desktop\proyecto1\proyecto1\figura.cpp(108): warning C4244: 'return' : conversión de 'float' a 'int'; posible pérdida de datos
     1>c:\users\karen troiano\desktop\proyecto1\proyecto1\figura.cpp(116): warning C4244: 'return' : conversión de 'float' a 'int'; posible pérdida de datos
     1>c:\users\karen troiano\desktop\proyecto1\proyecto1\figura.cpp(124): warning C4244: 'return' : conversión de 'float' a 'int'; posible pérdida de datos
     1>c:\users\karen troiano\desktop\proyecto1\proyecto1\figura.cpp(132): warning C4244: 'return' : conversión de 'float' a 'int'; posible pérdida de datos
     1>c:\users\karen troiano\desktop\proyecto1\proyecto1\figura.cpp(164): warning C4305: 'argumento' : truncamiento de 'double' a 'GLfloat'
     1>c:\users\karen troiano\desktop\proyecto1\proyecto1\figura.cpp(182): warning C4305: 'argumento' : truncamiento de 'double' a 'GLfloat'
     1>c:\users\karen troiano\desktop\proyecto1\proyecto1\figura.cpp(226): warning C4305: 'argumento' : truncamiento de 'double' a 'GLfloat'
     1>c:\users\karen troiano\desktop\proyecto1\proyecto1\figura.cpp(244): warning C4305: 'argumento' : truncamiento de 'double' a 'GLfloat'
     1>c:\users\karen troiano\desktop\proyecto1\proyecto1\figura.cpp(286): warning C4305: 'argumento' : truncamiento de 'double' a 'GLfloat'
     1>c:\users\karen troiano\desktop\proyecto1\proyecto1\figura.cpp(306): warning C4305: 'argumento' : truncamiento de 'double' a 'GLfloat'
     1>c:\users\karen troiano\desktop\proyecto1\proyecto1\figura.cpp(348): warning C4305: 'argumento' : truncamiento de 'double' a 'GLfloat'
     1>c:\users\karen troiano\desktop\proyecto1\proyecto1\figura.cpp(368): warning C4305: 'argumento' : truncamiento de 'double' a 'GLfloat'
     1>c:\users\karen troiano\desktop\proyecto1\proyecto1\figura.cpp(420): warning C4244: 'argumento' : conversión de 'double' a 'GLfloat'; posible pérdida de datos
     1>c:\users\karen troiano\desktop\proyecto1\proyecto1\figura.cpp(420): warning C4244: 'argumento' : conversión de 'double' a 'GLfloat'; posible pérdida de datos
         Generando código...
       ManifestResourceCompile:
         C:\Program Files (x86)\Microsoft SDKs\Windows\v7.0A\bin\rc.exe /nologo /fo"Debug\Proyecto1.exe.embed.manifest.res" Debug\Proyecto1_manifest.rc 
       Link:
         C:\Program Files (x86)\Microsoft Visual Studio 10.0\VC\bin\link.exe /ERRORREPORT:PROMPT /OUT:"C:\Users\Karen Troiano\Desktop\Proyecto1\Debug\Proyecto1.exe" /INCREMENTAL /NOLOGO /LIBPATH:"C:\dev\opengl\glew-1.7.0\lib" /LIBPATH:C:\dev\opengl\freeglut\lib kernel32.lib user32.lib gdi32.lib winspool.lib comdlg32.lib advapi32.lib shell32.lib ole32.lib oleaut32.lib uuid.lib odbc32.lib odbccp32.lib /MANIFEST /ManifestFile:"Debug\Proyecto1.exe.intermediate.manifest" /MANIFESTUAC:"level='asInvoker' uiAccess='false'" /DEBUG /PDB:"C:\Users\Karen Troiano\Desktop\Proyecto1\Debug\Proyecto1.pdb" /SUBSYSTEM:CONSOLE /TLBID:1 /DYNAMICBASE /NXCOMPAT /IMPLIB:"C:\Users\Karen Troiano\Desktop\Proyecto1\Debug\Proyecto1.lib" /MACHINE:X86 Debug\Proyecto1.exe.embed.manifest.res
         Debug\figura.obj
         Debug\main.obj
         LINK : no se encontró C:\Users\Karen Troiano\Desktop\Proyecto1\Debug\Proyecto1.exe o no lo generó el último vínculo incremental; ejecutando vínculo completo
       Manifest:
         C:\Program Files (x86)\Microsoft SDKs\Windows\v7.0A\bin\mt.exe /nologo /verbose /out:"Debug\Proyecto1.exe.embed.manifest" /manifest Debug\Proyecto1.exe.intermediate.manifest
         Todas las salidas están actualizadas.
       LinkEmbedManifest:
         Todas las salidas están actualizadas.
         Proyecto1.vcxproj -> C:\Users\Karen Troiano\Desktop\Proyecto1\Debug\Proyecto1.exe
       FinalizeBuildStatus:
         Se eliminará el archivo "Debug\Proyecto1.unsuccessfulbuild".
         Aplicando tarea Touch a "Debug\Proyecto1.lastbuildstate".
     1>Compilación del proyecto terminada "C:\Users\Karen Troiano\Desktop\Proyecto1\Proyecto1\Proyecto1.vcxproj" (build destinos).

Compilación correcta.

Tiempo transcurrido 00:00:04.14
