e:\mis documentos\visual studio 2010\Projects\USB\GraficasI\OpenglShaderPractica01\Debug\OpenglShaderPractica01.pdb
e:\mis documentos\visual studio 2010\Projects\USB\GraficasI\OpenglShaderPractica01\OpenglShaderPractica01\Debug\cl.command.1.tlog
e:\mis documentos\visual studio 2010\Projects\USB\GraficasI\OpenglShaderPractica01\OpenglShaderPractica01\Debug\CL.read.1.tlog
e:\mis documentos\visual studio 2010\Projects\USB\GraficasI\OpenglShaderPractica01\OpenglShaderPractica01\Debug\CL.write.1.tlog
e:\mis documentos\visual studio 2010\Projects\USB\GraficasI\OpenglShaderPractica01\OpenglShaderPractica01\Debug\link.command.1.tlog
e:\mis documentos\visual studio 2010\Projects\USB\GraficasI\OpenglShaderPractica01\OpenglShaderPractica01\Debug\link.read.1.tlog
e:\mis documentos\visual studio 2010\Projects\USB\GraficasI\OpenglShaderPractica01\OpenglShaderPractica01\Debug\link.write.1.tlog
e:\mis documentos\visual studio 2010\Projects\USB\GraficasI\OpenglShaderPractica01\OpenglShaderPractica01\Debug\link-cvtres.read.1.tlog
e:\mis documentos\visual studio 2010\Projects\USB\GraficasI\OpenglShaderPractica01\OpenglShaderPractica01\Debug\link-cvtres.write.1.tlog
E:\MIS DOCUMENTOS\VISUAL STUDIO 2010\PROJECTS\USB\GRAFICASI\OPENGLSHADERPRACTICA01\OPENGLSHADERPRACTICA01\DEBUG\MAINSHADER01.OBJ
e:\mis documentos\visual studio 2010\Projects\USB\GraficasI\OpenglShaderPractica01\OpenglShaderPractica01\Debug\OpenglShaderPractica01.exe.embed.manifest
E:\MIS DOCUMENTOS\VISUAL STUDIO 2010\PROJECTS\USB\GRAFICASI\OPENGLSHADERPRACTICA01\OPENGLSHADERPRACTICA01\DEBUG\OPENGLSHADERPRACTICA01.EXE.EMBED.MANIFEST.RES
e:\mis documentos\visual studio 2010\Projects\USB\GraficasI\OpenglShaderPractica01\OpenglShaderPractica01\Debug\OpenglShaderPractica01.exe.intermediate.manifest
e:\mis documentos\visual studio 2010\Projects\USB\GraficasI\OpenglShaderPractica01\OpenglShaderPractica01\Debug\OpenglShaderPractica01.write.1.tlog
e:\mis documentos\visual studio 2010\Projects\USB\GraficasI\OpenglShaderPractica01\OpenglShaderPractica01\Debug\OpenglShaderPractica01_manifest.rc
e:\mis documentos\visual studio 2010\Projects\USB\GraficasI\OpenglShaderPractica01\OpenglShaderPractica01\Debug\rc.command.1.tlog
e:\mis documentos\visual studio 2010\Projects\USB\GraficasI\OpenglShaderPractica01\OpenglShaderPractica01\Debug\rc.read.1.tlog
e:\mis documentos\visual studio 2010\Projects\USB\GraficasI\OpenglShaderPractica01\OpenglShaderPractica01\Debug\rc.write.1.tlog
e:\mis documentos\visual studio 2010\Projects\USB\GraficasI\OpenglShaderPractica01\OpenglShaderPractica01\Debug\vc100.idb
E:\MIS DOCUMENTOS\VISUAL STUDIO 2010\PROJECTS\USB\GRAFICASI\OPENGLSHADERPRACTICA01\OPENGLSHADERPRACTICA01\DEBUG\VC100.PDB
