Compilación iniciada a las 10/01/2014 10:55:00 a.m..
     1>Proyecto "C:\Users\Karen Troiano\Desktop\Graficas\Shaders\OpenglShaderPractica01\OpenglShaderPractica01\OpenglShaderPractica01.vcxproj" en el nodo 2 (build destinos).
     1>InitializeBuildStatus:
         Se creará "Debug\OpenglShaderPractica01.unsuccessfulbuild" porque se especificó "AlwaysCreate".
       ClCompile:
         c:\Program Files (x86)\Microsoft Visual Studio 10.0\VC\bin\CL.exe /c /ZI /nologo /W3 /WX- /Od /Oy- /D WIN32 /D _DEBUG /D _CONSOLE /D _UNICODE /D UNICODE /Gm /EHsc /RTC1 /MDd /GS /fp:precise /Zc:wchar_t /Zc:forScope /Fo"Debug\\" /Fd"Debug\vc100.pdb" /Gd /TP /analyze- /errorReport:prompt mainShader01.cpp
         mainShader01.cpp
     1>c:\users\karen troiano\desktop\graficas\shaders\openglshaderpractica01\openglshaderpractica01\mainshader01.cpp(62): warning C4305: 'argumento' : truncamiento de 'double' a 'GLfloat'
     1>c:\users\karen troiano\desktop\graficas\shaders\openglshaderpractica01\openglshaderpractica01\mainshader01.cpp(62): warning C4244: 'argumento' : conversión de 'int' a 'GLfloat'; posible pérdida de datos
     1>c:\users\karen troiano\desktop\graficas\shaders\openglshaderpractica01\openglshaderpractica01\mainshader01.cpp(63): warning C4305: 'argumento' : truncamiento de 'double' a 'GLfloat'
     1>c:\users\karen troiano\desktop\graficas\shaders\openglshaderpractica01\openglshaderpractica01\mainshader01.cpp(63): warning C4244: 'argumento' : conversión de 'int' a 'GLfloat'; posible pérdida de datos
     1>c:\users\karen troiano\desktop\graficas\shaders\openglshaderpractica01\openglshaderpractica01\mainshader01.cpp(65): warning C4244: 'argumento' : conversión de 'int' a 'GLfloat'; posible pérdida de datos
     1>c:\users\karen troiano\desktop\graficas\shaders\openglshaderpractica01\openglshaderpractica01\mainshader01.cpp(65): warning C4305: 'argumento' : truncamiento de 'double' a 'GLfloat'
     1>c:\users\karen troiano\desktop\graficas\shaders\openglshaderpractica01\openglshaderpractica01\mainshader01.cpp(66): warning C4244: 'argumento' : conversión de 'int' a 'GLfloat'; posible pérdida de datos
     1>c:\users\karen troiano\desktop\graficas\shaders\openglshaderpractica01\openglshaderpractica01\mainshader01.cpp(66): warning C4305: 'argumento' : truncamiento de 'double' a 'GLfloat'
     1>c:\users\karen troiano\desktop\graficas\shaders\openglshaderpractica01\openglshaderpractica01\mainshader01.cpp(68): warning C4305: 'argumento' : truncamiento de 'double' a 'GLfloat'
     1>c:\users\karen troiano\desktop\graficas\shaders\openglshaderpractica01\openglshaderpractica01\mainshader01.cpp(68): warning C4244: 'argumento' : conversión de 'int' a 'GLfloat'; posible pérdida de datos
     1>c:\users\karen troiano\desktop\graficas\shaders\openglshaderpractica01\openglshaderpractica01\mainshader01.cpp(69): warning C4305: 'argumento' : truncamiento de 'double' a 'GLfloat'
     1>c:\users\karen troiano\desktop\graficas\shaders\openglshaderpractica01\openglshaderpractica01\mainshader01.cpp(69): warning C4244: 'argumento' : conversión de 'int' a 'GLfloat'; posible pérdida de datos
     1>c:\users\karen troiano\desktop\graficas\shaders\openglshaderpractica01\openglshaderpractica01\mainshader01.cpp(71): warning C4244: 'argumento' : conversión de 'int' a 'GLfloat'; posible pérdida de datos
     1>c:\users\karen troiano\desktop\graficas\shaders\openglshaderpractica01\openglshaderpractica01\mainshader01.cpp(71): warning C4305: 'argumento' : truncamiento de 'double' a 'GLfloat'
     1>c:\users\karen troiano\desktop\graficas\shaders\openglshaderpractica01\openglshaderpractica01\mainshader01.cpp(72): warning C4244: 'argumento' : conversión de 'int' a 'GLfloat'; posible pérdida de datos
     1>c:\users\karen troiano\desktop\graficas\shaders\openglshaderpractica01\openglshaderpractica01\mainshader01.cpp(72): warning C4305: 'argumento' : truncamiento de 'double' a 'GLfloat'
     1>c:\users\karen troiano\desktop\graficas\shaders\openglshaderpractica01\openglshaderpractica01\mainshader01.cpp(85): warning C4101: 'aspectratio' : variable local sin referencia
     1>c:\users\karen troiano\desktop\graficas\shaders\openglshaderpractica01\openglshaderpractica01\mainshader01.cpp(120): warning C4305: '=' : truncamiento de 'double' a 'float'
     1>c:\users\karen troiano\desktop\graficas\shaders\openglshaderpractica01\openglshaderpractica01\mainshader01.cpp(123): warning C4305: '=' : truncamiento de 'double' a 'float'
     1>c:\users\karen troiano\desktop\graficas\shaders\openglshaderpractica01\openglshaderpractica01\mainshader01.cpp(156): warning C4305: '+=' : truncamiento de 'double' a 'float'
     1>c:\users\karen troiano\desktop\graficas\shaders\openglshaderpractica01\openglshaderpractica01\mainshader01.cpp(159): warning C4305: '-=' : truncamiento de 'double' a 'float'
     1>c:\users\karen troiano\desktop\graficas\shaders\openglshaderpractica01\openglshaderpractica01\mainshader01.cpp(163): warning C4305: '+=' : truncamiento de 'double' a 'float'
     1>c:\users\karen troiano\desktop\graficas\shaders\openglshaderpractica01\openglshaderpractica01\mainshader01.cpp(166): warning C4305: '-=' : truncamiento de 'double' a 'float'
     1>c:\users\karen troiano\desktop\graficas\shaders\openglshaderpractica01\openglshaderpractica01\mainshader01.cpp(170): warning C4305: '+=' : truncamiento de 'double' a 'float'
     1>c:\users\karen troiano\desktop\graficas\shaders\openglshaderpractica01\openglshaderpractica01\mainshader01.cpp(173): warning C4305: '-=' : truncamiento de 'double' a 'float'
     1>c:\users\karen troiano\desktop\graficas\shaders\openglshaderpractica01\openglshaderpractica01\mainshader01.cpp(177): warning C4305: '+=' : truncamiento de 'double' a 'float'
     1>c:\users\karen troiano\desktop\graficas\shaders\openglshaderpractica01\openglshaderpractica01\mainshader01.cpp(180): warning C4305: '-=' : truncamiento de 'double' a 'float'
     1>c:\users\karen troiano\desktop\graficas\shaders\openglshaderpractica01\openglshaderpractica01\mainshader01.cpp(184): warning C4305: '+=' : truncamiento de 'double' a 'float'
     1>c:\users\karen troiano\desktop\graficas\shaders\openglshaderpractica01\openglshaderpractica01\mainshader01.cpp(187): warning C4305: '-=' : truncamiento de 'double' a 'float'
     1>c:\users\karen troiano\desktop\graficas\shaders\openglshaderpractica01\openglshaderpractica01\mainshader01.cpp(205): warning C4305: '-=' : truncamiento de 'double' a 'float'
     1>c:\users\karen troiano\desktop\graficas\shaders\openglshaderpractica01\openglshaderpractica01\mainshader01.cpp(208): warning C4305: '-=' : truncamiento de 'double' a 'float'
     1>c:\users\karen troiano\desktop\graficas\shaders\openglshaderpractica01\openglshaderpractica01\mainshader01.cpp(211): warning C4305: '-=' : truncamiento de 'double' a 'float'
     1>c:\users\karen troiano\desktop\graficas\shaders\openglshaderpractica01\openglshaderpractica01\mainshader01.cpp(311): warning C4305: 'inicializando' : truncamiento de 'double' a 'GLfloat'
     1>c:\users\karen troiano\desktop\graficas\shaders\openglshaderpractica01\openglshaderpractica01\mainshader01.cpp(311): warning C4305: 'inicializando' : truncamiento de 'double' a 'GLfloat'
     1>c:\users\karen troiano\desktop\graficas\shaders\openglshaderpractica01\openglshaderpractica01\mainshader01.cpp(311): warning C4305: 'inicializando' : truncamiento de 'double' a 'GLfloat'
     1>c:\users\karen troiano\desktop\graficas\shaders\openglshaderpractica01\openglshaderpractica01\mainshader01.cpp(320): warning C4305: 'inicializando' : truncamiento de 'double' a 'GLfloat'
     1>c:\users\karen troiano\desktop\graficas\shaders\openglshaderpractica01\openglshaderpractica01\mainshader01.cpp(320): warning C4305: 'inicializando' : truncamiento de 'double' a 'GLfloat'
     1>c:\users\karen troiano\desktop\graficas\shaders\openglshaderpractica01\openglshaderpractica01\mainshader01.cpp(320): warning C4305: 'inicializando' : truncamiento de 'double' a 'GLfloat'
     1>c:\users\karen troiano\desktop\graficas\shaders\openglshaderpractica01\openglshaderpractica01\mainshader01.cpp(321): warning C4305: 'inicializando' : truncamiento de 'double' a 'GLfloat'
     1>c:\users\karen troiano\desktop\graficas\shaders\openglshaderpractica01\openglshaderpractica01\mainshader01.cpp(321): warning C4305: 'inicializando' : truncamiento de 'double' a 'GLfloat'
     1>c:\users\karen troiano\desktop\graficas\shaders\openglshaderpractica01\openglshaderpractica01\mainshader01.cpp(321): warning C4305: 'inicializando' : truncamiento de 'double' a 'GLfloat'
     1>c:\users\karen troiano\desktop\graficas\shaders\openglshaderpractica01\openglshaderpractica01\mainshader01.cpp(322): warning C4305: 'inicializando' : truncamiento de 'double' a 'GLfloat'
     1>c:\users\karen troiano\desktop\graficas\shaders\openglshaderpractica01\openglshaderpractica01\mainshader01.cpp(322): warning C4305: 'inicializando' : truncamiento de 'double' a 'GLfloat'
     1>c:\users\karen troiano\desktop\graficas\shaders\openglshaderpractica01\openglshaderpractica01\mainshader01.cpp(322): warning C4305: 'inicializando' : truncamiento de 'double' a 'GLfloat'
     1>c:\users\karen troiano\desktop\graficas\shaders\openglshaderpractica01\openglshaderpractica01\mainshader01.cpp(302): warning C4101: 'zLocal' : variable local sin referencia
     1>c:\users\karen troiano\desktop\graficas\shaders\openglshaderpractica01\openglshaderpractica01\mainshader01.cpp(302): warning C4101: 'xExtent' : variable local sin referencia
     1>c:\users\karen troiano\desktop\graficas\shaders\openglshaderpractica01\openglshaderpractica01\mainshader01.cpp(303): warning C4101: 'loopX' : variable local sin referencia
     1>c:\users\karen troiano\desktop\graficas\shaders\openglshaderpractica01\openglshaderpractica01\mainshader01.cpp(302): warning C4101: 'xLocal' : variable local sin referencia
     1>c:\users\karen troiano\desktop\graficas\shaders\openglshaderpractica01\openglshaderpractica01\mainshader01.cpp(303): warning C4101: 'loopZ' : variable local sin referencia
     1>c:\users\karen troiano\desktop\graficas\shaders\openglshaderpractica01\openglshaderpractica01\mainshader01.cpp(302): warning C4101: 'zExtent' : variable local sin referencia
       ManifestResourceCompile:
         Todas las salidas están actualizadas.
       Link:
         c:\Program Files (x86)\Microsoft Visual Studio 10.0\VC\bin\link.exe /ERRORREPORT:PROMPT /OUT:"C:\Users\Karen Troiano\Desktop\Graficas\Shaders\OpenglShaderPractica01\Debug\OpenglShaderPractica01.exe" /INCREMENTAL /NOLOGO /LIBPATH:C:\dev\Assimp\lib\x86 /LIBPATH:C:\dev\opengl\freeglut\lib /LIBPATH:"C:\dev\opengl\glew-1.7.0\lib" glew32.lib freeglut.lib assimp.lib kernel32.lib user32.lib gdi32.lib winspool.lib comdlg32.lib advapi32.lib shell32.lib ole32.lib oleaut32.lib uuid.lib odbc32.lib odbccp32.lib /MANIFEST /ManifestFile:"Debug\OpenglShaderPractica01.exe.intermediate.manifest" /MANIFESTUAC:"level='asInvoker' uiAccess='false'" /DEBUG /PDB:"C:\Users\Karen Troiano\Desktop\Graficas\Shaders\OpenglShaderPractica01\Debug\OpenglShaderPractica01.pdb" /SUBSYSTEM:CONSOLE /TLBID:1 /DYNAMICBASE /NXCOMPAT /IMPLIB:"C:\Users\Karen Troiano\Desktop\Graficas\Shaders\OpenglShaderPractica01\Debug\OpenglShaderPractica01.lib" /MACHINE:X86 Debug\OpenglShaderPractica01.exe.embed.manifest.res
         Debug\glsl.obj
         Debug\mainShader01.obj
       Manifest:
         c:\Program Files (x86)\Microsoft SDKs\Windows\v7.0A\bin\mt.exe /nologo /verbose /out:"Debug\OpenglShaderPractica01.exe.embed.manifest" /manifest Debug\OpenglShaderPractica01.exe.intermediate.manifest
         Todas las salidas están actualizadas.
       LinkEmbedManifest:
         Todas las salidas están actualizadas.
         OpenglShaderPractica01.vcxproj -> C:\Users\Karen Troiano\Desktop\Graficas\Shaders\OpenglShaderPractica01\Debug\OpenglShaderPractica01.exe
       FinalizeBuildStatus:
         Se eliminará el archivo "Debug\OpenglShaderPractica01.unsuccessfulbuild".
         Aplicando tarea Touch a "Debug\OpenglShaderPractica01.lastbuildstate".
     1>Compilación del proyecto terminada "C:\Users\Karen Troiano\Desktop\Graficas\Shaders\OpenglShaderPractica01\OpenglShaderPractica01\OpenglShaderPractica01.vcxproj" (build destinos).

Compilación correcta.

Tiempo transcurrido 00:00:04.99
